<?xml version="1.0" encoding="UTF-8"?>
<testsuite xmlns:xsi="http://www.w3.org/2001/XMLSchema-instance" xsi:noNamespaceSchemaLocation="https://maven.apache.org/surefire/maven-surefire-plugin/xsd/surefire-test-report.xsd" name="com.chess.model.CheckmateDetectionTest" time="0.073" tests="7" errors="0" skipped="0" failures="3">
  <properties>
[...]
</properties>
  <testcase name="testSmotheredMate" classname="com.chess.model.CheckmateDetectionTest" time="0.041">
    <failure message="Should be smothered mate ==&gt; expected: &lt;true&gt; but was: &lt;false&gt;" type="org.opentest4j.AssertionFailedError"><![CDATA[org.opentest4j.AssertionFailedError: Should be smothered mate ==> expected: <true> but was: <false>
	at com.chess.model.CheckmateDetectionTest.testSmotheredMate(CheckmateDetectionTest.java:186)
]]></failure>
  </testcase>
  <testcase name="testInsufficientMaterial" classname="com.chess.model.CheckmateDetectionTest" time="0.002"/>
  <testcase name="testComplexStalemate" classname="com.chess.model.CheckmateDetectionTest" time="0.003">
    <failure message="Should detect stalemate ==&gt; expected: &lt;STALEMATE&gt; but was: &lt;null&gt;" type="org.opentest4j.AssertionFailedError"><![CDATA[org.opentest4j.AssertionFailedError: Should detect stalemate ==> expected: <STALEMATE> but was: <null>
	at com.chess.model.CheckmateDetectionTest.testComplexStalemate(CheckmateDetectionTest.java:142)
]]></failure>
  </testcase>
  <testcase name="testFoolsMate" classname="com.chess.model.CheckmateDetectionTest" time="0.014"/>
  <testcase name="testBackRankMate" classname="com.chess.model.CheckmateDetectionTest" time="0"/>
  <testcase name="testDiscoveredCheck" classname="com.chess.model.CheckmateDetectionTest" time="0.001"/>
  <testcase name="testScholarsMate" classname="com.chess.model.CheckmateDetectionTest" time="0.002">
    <failure message="Black should be in checkmate (scholar&apos;s mate) ==&gt; expected: &lt;true&gt; but was: &lt;false&gt;" type="org.opentest4j.AssertionFailedError"><![CDATA[org.opentest4j.AssertionFailedError: Black should be in checkmate (scholar's mate) ==> expected: <true> but was: <false>
	at com.chess.model.CheckmateDetectionTest.testScholarsMate(CheckmateDetectionTest.java:95)
]]></failure>
  </testcase>
</testsuite>